/home/arogya/.local/lib/python3.9/site-packages/geopandas/_compat.py:111: UserWarning: The Shapely GEOS version (3.10.2-CAPI-1.16.0) is incompatible with the GEOS version PyGEOS was compiled with (3.10.1-CAPI-1.16.0). Conversions between both will be slow.
  warnings.warn(
*** Earth Engine *** FINAL DEADLINE: ee.Authenticate will fail after 2022-06-06. Please upgrade. https://developers.google.com/earth-engine/guides/python_install
--- Generating grids...
--------- Generating grid at 2500mx2500m ...
--------- Grid generation complete. Saving to disk...
#################### Output Columns: Index(['FID', 'geometry'], dtype='object')
#################### Output Columns: Index(['pgrid_id', 'geometry', 'DISTID', 'OBJECTID', 'PROV_34_NA',
       'DIST_34_NA', 'PROVID', 'poppy_ha', 'ag_ha', 'poppy_perc', 'quantile',
       'rank'],
      dtype='object')
--------- Successfully saved to disk: ../data/interim/parent.gpkg
--------- Generating grid at 250mx250m ...
--------- Grid generation complete. Saving to disk...
#################### Output Columns: Index(['FID', 'geometry'], dtype='object')
#################### Output Columns: Index(['grid_id', 'geometry', 'DISTID', 'OBJECTID', 'PROV_34_NA', 'DIST_34_NA',
       'PROVID', 'poppy_ha', 'ag_ha', 'poppy_perc', 'quantile', 'rank'],
      dtype='object')
--------- Successfully saved to disk: ../data/interim/child.gpkg
--------- Generating grid at 25000mx25000m ...
--------- Grid generation complete. Saving to disk...
#################### Output Columns: Index(['FID', 'geometry'], dtype='object')
#################### Output Columns: Index(['pgrid_id', 'geometry', 'DISTID', 'OBJECTID', 'PROV_34_NA',
       'DIST_34_NA', 'PROVID', 'poppy_ha', 'ag_ha', 'poppy_perc', 'quantile',
       'rank'],
      dtype='object')
--------- Successfully saved to disk: ../data/interim/parent_best_dates.gpkg
--------- Generating grid at 10000mx10000m ...
--------- Grid generation complete. Saving to disk...
#################### Output Columns: Index(['FID', 'geometry'], dtype='object')
#################### Output Columns: Index(['pgrid_id', 'geometry', 'DISTID', 'OBJECTID', 'PROV_34_NA',
       'DIST_34_NA', 'PROVID', 'poppy_ha', 'ag_ha', 'poppy_perc', 'quantile',
       'rank'],
      dtype='object')
--------- Successfully saved to disk: ../data/interim/parent_10.gpkg
#### Grid Gen Complete in 14.820199012756348 ####
--- Backfilling dates..
Done with MODIS best date calculation.. - 0.28474974632263184 sec
Generating URL ...
Downloading data from https://earthengine.googleapis.com/v1alpha/projects/earthengine-legacy/thumbnails/9023127375a272a3ac42cfa9094eea0d-25dfb5b0b90c6fea88ae14b968e08a30:getPixels
Please wait ...
Data downloaded to /home/arogya/projects/afg-clustering/data/interim/modis/tiles/0.tif
Generating URL ...
Downloading data from https://earthengine.googleapis.com/v1alpha/projects/earthengine-legacy/thumbnails/786473422ff864de517187fe4d014220-2cdf4c7479ae527becbecc164838f799:getPixels
Please wait ...
Data downloaded to /home/arogya/projects/afg-clustering/data/interim/modis/tiles/1.tif
Generating URL ...
Downloading data from https://earthengine.googleapis.com/v1alpha/projects/earthengine-legacy/thumbnails/289cdece2d8ffbe0494ce5c726617ff1-a6ec9caabb004f4d8817d3d7cd505c11:getPixels
Please wait ...
Data downloaded to /home/arogya/projects/afg-clustering/data/interim/modis/tiles/2.tif
Generating URL ...
Downloading data from https://earthengine.googleapis.com/v1alpha/projects/earthengine-legacy/thumbnails/616c50f186bff74464c1ba04e29c6ee5-fff89b10d2a0b0b5370230525c82fb92:getPixels
Please wait ...
Data downloaded to /home/arogya/projects/afg-clustering/data/interim/modis/tiles/3.tif
Generating URL ...
Downloading data from https://earthengine.googleapis.com/v1alpha/projects/earthengine-legacy/thumbnails/a52debb3964615a54534f2057513e711-808ef8038607a67a0b677c91dbedab7c:getPixels
Please wait ...
Data downloaded to /home/arogya/projects/afg-clustering/data/interim/modis/tiles/4.tif
Generating URL ...
Downloading data from https://earthengine.googleapis.com/v1alpha/projects/earthengine-legacy/thumbnails/d96af842c6fa869192092a8ec6836c31-3ec34aa9f798cabdc1f1751dc78d54c5:getPixels
Please wait ...
Data downloaded to /home/arogya/projects/afg-clustering/data/interim/modis/tiles/5.tif
Generating URL ...
Downloading data from https://earthengine.googleapis.com/v1alpha/projects/earthengine-legacy/thumbnails/e8b401f87ffb27e0439cad19c71727c6-cac7c4574047f82048e1bb57ebdd4cf0:getPixels
Please wait ...
Data downloaded to /home/arogya/projects/afg-clustering/data/interim/modis/tiles/6.tif
Generating URL ...
Downloading data from https://earthengine.googleapis.com/v1alpha/projects/earthengine-legacy/thumbnails/334045d7bb793bc2b49ed339440b1127-14cd6fc3dcdad5abc471eb5368d580d0:getPixels
Please wait ...
Data downloaded to /home/arogya/projects/afg-clustering/data/interim/modis/tiles/7.tif
['0.tif', '1.tif', '2.tif', '3.tif', '4.tif', '5.tif', '6.tif', '7.tif']
#### Missing 0 tiles, proceeding to merge..
0...10...20...30...40...50...60...70...80...90...100 - done.
0...10...20...30...40...50...60...70...80...90...100 - done.
Merged tiles.. - 8.04793405532837 sec
Shell GDF created.. - 8.076935529708862 sec
0...10...20...30...40...50...60...70...80...90...Creating output ../data/interim/modis/shell.gpkg of format GPKG.
100 - done.
Polygonized shell.. - 408.98418712615967 sec
0...10...20...30...40...50...60...70...80...90...Creating output ../data/interim/modis/merged.gpkg of format GPKG.
100 - done.
Polygonized merged.. - 445.20058012008667 sec
Created Centroids.. - 465.32764053344727 sec
112944
Saved child GDF. Completed! - 497.677205324173 sec
#### Backfill Complete in 497.9718384742737 ####
--- Downloading images.. | Post Period days - 30 to 45 days
[]
Ignoring 0 tiles as rasters for them are already generated; will only generate rasters for remaining 507 tiles
Generating URL ...
Downloading data from https://earthengine.googleapis.com/v1alpha/projects/earthengine-legacy/thumbnails/81b9f59d468b597df663d466d12f4066-6907581c51e4cfefd1a02e8c0267177f:getPixels
Please wait ...
Generating URL ...
Downloading data from https://earthengine.googleapis.com/v1alpha/projects/earthengine-legacy/thumbnails/7a629a1d90136b9e23b702e06b5ff056-d7bd62dcfbf45f467668bbf1b0fca931:getPixels
Please wait ...
Data downloaded to /home/arogya/projects/afg-clustering/data/interim/tiles/0.tif
Generating URL ...
Generating URL ...
Generating URL ...
Generating URL ...
Generating URL ...
Generating URL ...
Generating URL ...
Downloading data from https://earthengine.googleapis.com/v1alpha/projects/earthengine-legacy/thumbnails/6b53a62bc5debbed0f45f339ade9ee36-5e95ec4c2ad4c9fcdeec006eb5559d36:getPixels
Please wait ...
Generating URL ...
Downloading data from https://earthengine.googleapis.com/v1alpha/projects/earthengine-legacy/thumbnails/618607f236dc58ffceb0df813f79cb4f-4d46ccede37d5204f106bea9aca912e6:getPixels
Please wait ...
Downloading data from https://earthengine.googleapis.com/v1alpha/projects/earthengine-legacy/thumbnails/6fc1b0eb10f5a46362309e39efddef38-bccd05ea3f6afdc90194dba1aaceffa4:getPixels
Please wait ...
Downloading data from https://earthengine.googleapis.com/v1alpha/projects/earthengine-legacy/thumbnails/ba65397331ecf708ac129aa46344ba1f-11aac3e9755ce4a3ee1f7c4a36b26d05:getPixels
Please wait ...
Downloading data from https://earthengine.googleapis.com/v1alpha/projects/earthengine-legacy/thumbnails/1c3103276f31898f804dda5e151c627e-758c1fa1b2f83ada417572928b796a24:getPixels
Please wait ...
Downloading data from https://earthengine.googleapis.com/v1alpha/projects/earthengine-legacy/thumbnails/ca18b972a882f0663d51bdb80629cfb7-2afca3b257cc2d8fb65aa1ec2af09384:getPixels
Please wait ...
Downloading data from https://earthengine.googleapis.com/v1alpha/projects/earthengine-legacy/thumbnails/422d80df79518880ed31e8d4b3f929fc-b9d9ef666bcc7388cac7cdd02d86fabb:getPixels
Please wait ...
Downloading data from https://earthengine.googleapis.com/v1alpha/projects/earthengine-legacy/thumbnails/ec5b8a21f1d5cc796cedc91107c1dccd-91f6415503438b3493cd30d9323462c6:getPixels
Please wait ...
Generating URL ...
Downloading data from https://earthengine.googleapis.com/v1alpha/projects/earthengine-legacy/thumbnails/caf60bec4ba347823388104085af97a3-cb89330d29e42d3399700bcd73dd79f6:getPixels
Please wait ...
Data downloaded to /home/arogya/projects/afg-clustering/data/interim/tiles/102.tif
Generating URL ...
Downloading data from https://earthengine.googleapis.com/v1alpha/projects/earthengine-legacy/thumbnails/d2c7e64f313da3f3de83277703e71966-f0716ffb3812592930a038caeaba0e6b:getPixels
Please wait ...
Data downloaded to /home/arogya/projects/afg-clustering/data/interim/tiles/1.tif
Generating URL ...
Data downloaded to /home/arogya/projects/afg-clustering/data/interim/tiles/357.tif
Downloading data from https://earthengine.googleapis.com/v1alpha/projects/earthengine-legacy/thumbnails/d13b5bfc73fccf3d014e081fd5a684d7-358eac2b36a8d0f6cf13fe1a34d30852:getPixels
Please wait ...
Generating URL ...
Downloading data from https://earthengine.googleapis.com/v1alpha/projects/earthengine-legacy/thumbnails/9ffd4ab16b3b95a66c4c77f6bc3bb095-2a3aa5cf716f4be80352118a27658020:getPixels
Please wait ...
Data downloaded to /home/arogya/projects/afg-clustering/data/interim/tiles/255.tif
Data downloaded to /home/arogya/projects/afg-clustering/data/interim/tiles/51.tif
Data downloaded to /home/arogya/projects/afg-clustering/data/interim/tiles/407.tif
Data downloaded to /home/arogya/projects/afg-clustering/data/interim/tiles/306.tif
Data downloaded to /home/arogya/projects/afg-clustering/data/interim/tiles/204.tif
Data downloaded to /home/arogya/projects/afg-clustering/data/interim/tiles/153.tif
Data downloaded to /home/arogya/projects/afg-clustering/data/interim/tiles/457.tif
Generating URL ...
Generating URL ...
Data downloaded to /home/arogya/projects/afg-clustering/data/interim/tiles/103.tif
Downloading data from https://earthengine.googleapis.com/v1alpha/projects/earthengine-legacy/thumbnails/360be2ac04f0f61de7588761c64c4a31-a55beab719115e57e1277361ed04338b:getPixels
Please wait ...
Generating URL ...
Generating URL ...
Generating URL ...
Downloading data from https://earthengine.googleapis.com/v1alpha/projects/earthengine-legacy/thumbnails/5fef79cb2645de7ba11560bc8cdd9fb6-fa87ca19154c71aabd7aa48c715220fb:getPixels
Please wait ...
Downloading data from https://earthengine.googleapis.com/v1alpha/projects/earthengine-legacy/thumbnails/d545871401156a41afa2252223e13857-b6f2b310fd7aa61395e322da0eec9ed9:getPixels
Please wait ...
Downloading data from https://earthengine.googleapis.com/v1alpha/projects/earthengine-legacy/thumbnails/09984db30377a79979ac288f3a7f63d7-90f347a254e27518ec19f9c650ed7ce5:getPixels
Please wait ...
Data downloaded to /home/arogya/projects/afg-clustering/data/interim/tiles/2.tif
Generating URL ...
Downloading data from https://earthengine.googleapis.com/v1alpha/projects/earthengine-legacy/thumbnails/9c26deb211b683d51c55c483d112df73-d30c666da46b66432f1b8697ec6b68d6:getPixels
Please wait ...
Generating URL ...
Generating URL ...
Downloading data from https://earthengine.googleapis.com/v1alpha/projects/earthengine-legacy/thumbnails/17f155b0d9c6b07c4dc1d048e73061a2-b620bc97ab3e2f26e5688d04b29da3bb:getPixels
Please wait ...
Downloading data from https://earthengine.googleapis.com/v1alpha/projects/earthengine-legacy/thumbnails/30f44ad34c9baf3f684de8504fbf3470-b3f623875d0107304da52fb08ab562f9:getPixels
Please wait ...
Downloading data from https://earthengine.googleapis.com/v1alpha/projects/earthengine-legacy/thumbnails/92489597d4c00d844da4740a3621dcb8-79193890dd534c19e51647001cab12b5:getPixels
Please wait ...
Data downloaded to /home/arogya/projects/afg-clustering/data/interim/tiles/358.tif
Generating URL ...
Downloading data from https://earthengine.googleapis.com/v1alpha/projects/earthengine-legacy/thumbnails/3a137a929048386487fd42cee3c1525e-6f0c727b31a1119bf85894b9df0d52ec:getPixels
Please wait ...
Generating URL ...
Downloading data from https://earthengine.googleapis.com/v1alpha/projects/earthengine-legacy/thumbnails/abbe75b2d7092218dac85e27846cd8c1-8307d8950ed1d3b2c2ccefcafc8b5ae0:getPixels
Please wait ...
Data downloaded to /home/arogya/projects/afg-clustering/data/interim/tiles/3.tif
Data downloaded to /home/arogya/projects/afg-clustering/data/interim/tiles/408.tif
Generating URL ...
Downloading data from https://earthengine.googleapis.com/v1alpha/projects/earthengine-legacy/thumbnails/7f8be2d6d40fe6939599fc60cc86459f-39ddc94ffb48ae50217a9833435547f5:getPixels
Please wait ...
Data downloaded to /home/arogya/projects/afg-clustering/data/interim/tiles/307.tif
Generating URL ...
Data downloaded to /home/arogya/projects/afg-clustering/data/interim/tiles/256.tif
Downloading data from https://earthengine.googleapis.com/v1alpha/projects/earthengine-legacy/thumbnails/3ea937c0ca03c20643b4aec25ca8d546-5b7a623a9cc26f312c8811f063a31bd2:getPixels
Please wait ...
Generating URL ...
Data downloaded to /home/arogya/projects/afg-clustering/data/interim/tiles/154.tif
Generating URL ...
Downloading data from https://earthengine.googleapis.com/v1alpha/projects/earthengine-legacy/thumbnails/26dd897bab27b12ae1384f44b9b517c8-8407abafe614b90acc6737d1e9239a7c:getPixels
Please wait ...
Downloading data from https://earthengine.googleapis.com/v1alpha/projects/earthengine-legacy/thumbnails/6eea5aac7b12e94e459b377c518ae032-404db96c348abeb87102fb9802876a53:getPixels
Please wait ...
Data downloaded to /home/arogya/projects/afg-clustering/data/interim/tiles/458.tif
Data downloaded to /home/arogya/projects/afg-clustering/data/interim/tiles/205.tif
Data downloaded to /home/arogya/projects/afg-clustering/data/interim/tiles/52.tif
Data downloaded to /home/arogya/projects/afg-clustering/data/interim/tiles/359.tif
Data downloaded to /home/arogya/projects/afg-clustering/data/interim/tiles/104.tif
Generating URL ...
Generating URL ...
Downloading data from https://earthengine.googleapis.com/v1alpha/projects/earthengine-legacy/thumbnails/c02eb7bf606024eb8d3ff5d85beaded8-cf7e731106dd2ab88708f510058c7cda:getPixels
Please wait ...
Downloading data from https://earthengine.googleapis.com/v1alpha/projects/earthengine-legacy/thumbnails/eedbea9588e6660ed92854122b525201-8c54425ef3d046f1ddae793e7106f7fa:getPixels
Please wait ...
Generating URL ...
Generating URL ...
Generating URL ...
Generating URL ...
Downloading data from https://earthengine.googleapis.com/v1alpha/projects/earthengine-legacy/thumbnails/1ac7ac07ada942161887e0a1d2067eb5-20b2560db6b608fbc84aedad8da790b0:getPixels
Please wait ...
Downloading data from https://earthengine.googleapis.com/v1alpha/projects/earthengine-legacy/thumbnails/056d062c00a9ab0099410205adb9f3a5-f426decbcbe52181d69d1bd73031bd10:getPixels
Please wait ...
Downloading data from https://earthengine.googleapis.com/v1alpha/projects/earthengine-legacy/thumbnails/96a2c0422b984e8f8e43325b1f6dee39-b2678e47d3a713e727a921c5229d5743:getPixels
Please wait ...
Downloading data from https://earthengine.googleapis.com/v1alpha/projects/earthengine-legacy/thumbnails/31caecff06d0c3bc7fdb9416d2a8f784-2be90d4a4f2460c31af6b5a66734ea89:getPixels
Please wait ...
Data downloaded to /home/arogya/projects/afg-clustering/data/interim/tiles/4.tif
Data downloaded to /home/arogya/projects/afg-clustering/data/interim/tiles/409.tif
Generating URL ...
Downloading data from https://earthengine.googleapis.com/v1alpha/projects/earthengine-legacy/thumbnails/18bd228896b681d2e4489e96afef18ba-bcb83e7ec4ba9bf608b3ac5c96b0ceca:getPixels
Please wait ...
Generating URL ...
Data downloaded to /home/arogya/projects/afg-clustering/data/interim/tiles/257.tif
Generating URL ...
Downloading data from https://earthengine.googleapis.com/v1alpha/projects/earthengine-legacy/thumbnails/181abf7aeb3fb742bb62e18249d0198f-1ff5b306ecf3a4286216d7646ff815cc:getPixels
Please wait ...
Data downloaded to /home/arogya/projects/afg-clustering/data/interim/tiles/308.tif
Downloading data from https://earthengine.googleapis.com/v1alpha/projects/earthengine-legacy/thumbnails/10aa785e6a28e8c9fc89e6e288788115-29c2d08776202501695211e24931fc14:getPixels
Please wait ...
Data downloaded to /home/arogya/projects/afg-clustering/data/interim/tiles/5.tif
Data downloaded to /home/arogya/projects/afg-clustering/data/interim/tiles/206.tif
Generating URL ...
Data downloaded to /home/arogya/projects/afg-clustering/data/interim/tiles/360.tif
Generating URL ...
Data downloaded to /home/arogya/projects/afg-clustering/data/interim/tiles/105.tif
Generating URL ...
Downloading data from https://earthengine.googleapis.com/v1alpha/projects/earthengine-legacy/thumbnails/aaa7e2578949ef5f17655c48066f1457-d9d04ec9b4369bdcfccf964d31a2b974:getPixels
Please wait ...
Generating URL ...
Downloading data from https://earthengine.googleapis.com/v1alpha/projects/earthengine-legacy/thumbnails/93bdc7e0ba91585148155966e47d4257-273330473528dbbf91f671460ad4984e:getPixels
Please wait ...
Data downloaded to /home/arogya/projects/afg-clustering/data/interim/tiles/459.tif
Downloading data from https://earthengine.googleapis.com/v1alpha/projects/earthengine-legacy/thumbnails/32cdaf298cb8a1526fc27cff2093968d-8de01fd086c78c1248cdd1f5ea6bb6d4:getPixels
Please wait ...
Data downloaded to /home/arogya/projects/afg-clustering/data/interim/tiles/53.tif
Generating URL ...
Data downloaded to /home/arogya/projects/afg-clustering/data/interim/tiles/155.tif
Downloading data from https://earthengine.googleapis.com/v1alpha/projects/earthengine-legacy/thumbnails/8a3d546bf022c8337a5bf67326da0588-731a7766f5fe88793e6b2b53c20a3f2f:getPixels
Please wait ...
Generating URL ...
Generating URL ...
Downloading data from https://earthengine.googleapis.com/v1alpha/projects/earthengine-legacy/thumbnails/ca6d75e1ff874380ea72533c71bd0994-aa09659a61cdcc3f28b296a29fbaa253:getPixels
Please wait ...
Data downloaded to /home/arogya/projects/afg-clustering/data/interim/tiles/258.tif
Generating URL ...
Downloading data from https://earthengine.googleapis.com/v1alpha/projects/earthengine-legacy/thumbnails/b436458539c2dafd99ac692fb03e1605-1e6e837229548ef98ef797f378fc5146:getPixels
Please wait ...
Downloading data from https://earthengine.googleapis.com/v1alpha/projects/earthengine-legacy/thumbnails/b152cb8033350174b6eb4d421c082873-14bd01295a264c6f44ec317a4195cd60:getPixels
Please wait ...
Downloading data from https://earthengine.googleapis.com/v1alpha/projects/earthengine-legacy/thumbnails/2f3ec8331e57b8f891fb7b76e56cd50c-ec8d8be9904b24da41924061baa4c5bf:getPixels
Please wait ...
Data downloaded to /home/arogya/projects/afg-clustering/data/interim/tiles/410.tif
Data downloaded to /home/arogya/projects/afg-clustering/data/interim/tiles/6.tif
Data downloaded to /home/arogya/projects/afg-clustering/data/interim/tiles/207.tif
Generating URL ...
Data downloaded to /home/arogya/projects/afg-clustering/data/interim/tiles/361.tif
Generating URL ...
Generating URL ...
Downloading data from https://earthengine.googleapis.com/v1alpha/projects/earthengine-legacy/thumbnails/f58c63281c0c06bfe0f2e4092783b396-de93c23b840caa81cd106bd46d10022f:getPixels
Please wait ...
Generating URL ...
Downloading data from https://earthengine.googleapis.com/v1alpha/projects/earthengine-legacy/thumbnails/340dae3ff4ce3cbe5c67b813624eaafd-7025c9f039b738d9604cb3baf1b4c11b:getPixels
Please wait ...
Downloading data from https://earthengine.googleapis.com/v1alpha/projects/earthengine-legacy/thumbnails/e43a766aee903a57a6773e8fe8fdd276-f35e3717be71bfd1219221b0331cc332:getPixels
Please wait ...
Downloading data from https://earthengine.googleapis.com/v1alpha/projects/earthengine-legacy/thumbnails/d0589e23b49b92b5917e4852bc2aff4f-e972ed378d6c3730439c393145979a95:getPixels
Please wait ...
Data downloaded to /home/arogya/projects/afg-clustering/data/interim/tiles/106.tif
Generating URL ...
Data downloaded to /home/arogya/projects/afg-clustering/data/interim/tiles/460.tif
Downloading data from https://earthengine.googleapis.com/v1alpha/projects/earthengine-legacy/thumbnails/604c4e1529e8be71fce65752721df87b-4b8f1134b9c1231e15b58935f4365cba:getPixels
Please wait ...
Data downloaded to /home/arogya/projects/afg-clustering/data/interim/tiles/156.tif
Generating URL ...
Downloading data from https://earthengine.googleapis.com/v1alpha/projects/earthengine-legacy/thumbnails/b310c802348de066d5eac8382df42485-ff20d84cb6f47922df88e190bdffd6fa:getPixels
Please wait ...
Generating URL ...
Downloading data from https://earthengine.googleapis.com/v1alpha/projects/earthengine-legacy/thumbnails/adc4879d3f9706a4d5781373543385a0-1136c1c199863c3aa6ba29b1bb114413:getPixels
Please wait ...
Generating URL ...
Downloading data from https://earthengine.googleapis.com/v1alpha/projects/earthengine-legacy/thumbnails/39b7e87f55c4b1363025ae0d1fb9c9f6-2c446371644aecc8f9e77cf49ab6f46c:getPixels
Please wait ...
Data downloaded to /home/arogya/projects/afg-clustering/data/interim/tiles/309.tif
Data downloaded to /home/arogya/projects/afg-clustering/data/interim/tiles/461.tif
Data downloaded to /home/arogya/projects/afg-clustering/data/interim/tiles/54.tif
Generating URL ...
Downloading data from https://earthengine.googleapis.com/v1alpha/projects/earthengine-legacy/thumbnails/391dc429a3da684057ba7ecdfc185ad4-25fc9663422b4f83a3a973d0443ad386:getPixels
Please wait ...
Generating URL ...
Downloading data from https://earthengine.googleapis.com/v1alpha/projects/earthengine-legacy/thumbnails/d557e2877491056e0e498c2e0d8adf51-3d04d9bf26d21546f763af4b706d6751:getPixels
Please wait ...
Data downloaded to /home/arogya/projects/afg-clustering/data/interim/tiles/7.tif
Generating URL ...
Downloading data from https://earthengine.googleapis.com/v1alpha/projects/earthengine-legacy/thumbnails/14b4a9bc4746caa2bce2b8900f5d3cda-1d1f1067a4e9b309dc1c8f78c9584402:getPixels
Please wait ...
Generating URL ...
Data downloaded to /home/arogya/projects/afg-clustering/data/interim/tiles/208.tif
Downloading data from https://earthengine.googleapis.com/v1alpha/projects/earthengine-legacy/thumbnails/e6b8b4c38f14950c5987a047b60b1272-e1e00f79426328694a1351e1f073d4db:getPixels
Please wait ...
Data downloaded to /home/arogya/projects/afg-clustering/data/interim/tiles/259.tif
Data downloaded to /home/arogya/projects/afg-clustering/data/interim/tiles/411.tif
Data downloaded to /home/arogya/projects/afg-clustering/data/interim/tiles/157.tif
Generating URL ...
Generating URL ...
Downloading data from https://earthengine.googleapis.com/v1alpha/projects/earthengine-legacy/thumbnails/31c85b76cf0f69a4052281c602364a14-55d741d513497cf166d58acd6c3651bd:getPixels
Please wait ...
Downloading data from https://earthengine.googleapis.com/v1alpha/projects/earthengine-legacy/thumbnails/12da5444c48923e6ce5ecbccf00d39bf-f7a622ff4ddc59e0909f63e34d09bd1e:getPixels
Please wait ...
Data downloaded to /home/arogya/projects/afg-clustering/data/interim/tiles/107.tif
Generating URL ...
Data downloaded to /home/arogya/projects/afg-clustering/data/interim/tiles/462.tif
Data downloaded to /home/arogya/projects/afg-clustering/data/interim/tiles/362.tif
Downloading data from https://earthengine.googleapis.com/v1alpha/projects/earthengine-legacy/thumbnails/0bc23bef10998fbe6b8d4e17aaf14704-278e85a72f249048e051c5dcf6ee12da:getPixels
Please wait ...
Generating URL ...
Generating URL ...
Downloading data from https://earthengine.googleapis.com/v1alpha/projects/earthengine-legacy/thumbnails/018c897e0ec335963d3db61100f61cb1-3fa0ea45cab5f51e16f0abbb79baa12f:getPixels
Please wait ...
Downloading data from https://earthengine.googleapis.com/v1alpha/projects/earthengine-legacy/thumbnails/d57ea9f89ac1e7fb6c17da3dd16633e2-163e3e674b95fc2742f7569c7955360e:getPixels
Please wait ...
Generating URL ...
Downloading data from https://earthengine.googleapis.com/v1alpha/projects/earthengine-legacy/thumbnails/97446e47dea1394db4c271778272b4fd-c52b810bf462a45f3e8762c95d670717:getPixels
Please wait ...
Data downloaded to /home/arogya/projects/afg-clustering/data/interim/tiles/55.tif
Generating URL ...
Downloading data from https://earthengine.googleapis.com/v1alpha/projects/earthengine-legacy/thumbnails/844be466398444e03d8d2db7b8edd715-f043a494735960c8be31cbfa740fe393:getPixels
Please wait ...
Generating URL ...
Data downloaded to /home/arogya/projects/afg-clustering/data/interim/tiles/310.tif
Downloading data from https://earthengine.googleapis.com/v1alpha/projects/earthengine-legacy/thumbnails/54bb7b6af265d4cd5d54d7538363b23e-1a626cbe86ab54462053ee2092e5d418:getPixels
Please wait ...
Generating URL ...
Downloading data from https://earthengine.googleapis.com/v1alpha/projects/earthengine-legacy/thumbnails/4aa2410d74bda0a139c73ab07a8b2e72-fef3f1804b3b91f6b0aed3dda94a3755:getPixels
Please wait ...
Data downloaded to /home/arogya/projects/afg-clustering/data/interim/tiles/209.tif
Data downloaded to /home/arogya/projects/afg-clustering/data/interim/tiles/8.tif
Generating URL ...
Generating URL ...
Data downloaded to /home/arogya/projects/afg-clustering/data/interim/tiles/463.tif
Downloading data from https://earthengine.googleapis.com/v1alpha/projects/earthengine-legacy/thumbnails/05c3e6730a963e7919477ecebcc5dd32-d4445360cd66454410652df3a8963499:getPixels
Please wait ...
Data downloaded to /home/arogya/projects/afg-clustering/data/interim/tiles/260.tif
Downloading data from https://earthengine.googleapis.com/v1alpha/projects/earthengine-legacy/thumbnails/52a0dc52c19e862739da2a80669f02c7-f98988214bda09a7426a24a8fc59e67e:getPixels
Please wait ...
Data downloaded to /home/arogya/projects/afg-clustering/data/interim/tiles/412.tif
Generating URL ...
Data downloaded to /home/arogya/projects/afg-clustering/data/interim/tiles/363.tif
Data downloaded to /home/arogya/projects/afg-clustering/data/interim/tiles/9.tif
Generating URL ...
Downloading data from https://earthengine.googleapis.com/v1alpha/projects/earthengine-legacy/thumbnails/cceb5c2971cd8e4605728c2d177a2a3b-2a5a8abe5924fc180c8ba9ef2bde78d7:getPixels
Please wait ...
Data downloaded to /home/arogya/projects/afg-clustering/data/interim/tiles/108.tif
Downloading data from https://earthengine.googleapis.com/v1alpha/projects/earthengine-legacy/thumbnails/c6445353476632a75bb63e0c3023359c-58e54346dcffea0b9a6386e8413242ba:getPixels
Please wait ...
Generating URL ...
Generating URL ...
Generating URL ...
Downloading data from https://earthengine.googleapis.com/v1alpha/projects/earthengine-legacy/thumbnails/cf4d46870f545bd7a0244a8e18464b0b-fd413e4744c90ce8ef0c19e4fae70b52:getPixels
Please wait ...
Data downloaded to /home/arogya/projects/afg-clustering/data/interim/tiles/158.tif
Downloading data from https://earthengine.googleapis.com/v1alpha/projects/earthengine-legacy/thumbnails/1f3ace6902676506d78364bd00cd6415-501edd38849ab326370853bc1226b174:getPixels
Please wait ...
Downloading data from https://earthengine.googleapis.com/v1alpha/projects/earthengine-legacy/thumbnails/44439c9ba449b067d90a18a4c9ae0081-23485ef9637bfee28e806caa3d79ecc8:getPixels
Please wait ...
Generating URL ...
Data downloaded to /home/arogya/projects/afg-clustering/data/interim/tiles/311.tif
Data downloaded to /home/arogya/projects/afg-clustering/data/interim/tiles/464.tif
Downloading data from https://earthengine.googleapis.com/v1alpha/projects/earthengine-legacy/thumbnails/ba2cb3270e421b81d5a61d20503a8fe2-56c661068965becc115ac2006dcc6a6d:getPixels
Please wait ...
Generating URL ...
Generating URL ...
Generating URL ...
Data downloaded to /home/arogya/projects/afg-clustering/data/interim/tiles/56.tif
Downloading data from https://earthengine.googleapis.com/v1alpha/projects/earthengine-legacy/thumbnails/9d428b8911a6c35bbb1d803b5fff8a80-c0feb37aad4392accccde4a7d49a4757:getPixels
Please wait ...
Downloading data from https://earthengine.googleapis.com/v1alpha/projects/earthengine-legacy/thumbnails/2249f31fd01dcd1e6552654b2f1c9414-6955cece4aa8ec6589e247701a30754b:getPixels
Please wait ...
Generating URL ...
Data downloaded to /home/arogya/projects/afg-clustering/data/interim/tiles/10.tif
Downloading data from https://earthengine.googleapis.com/v1alpha/projects/earthengine-legacy/thumbnails/4488ae8ef71ac3e7d6cc5e6335c4c84e-b511fd1440e132d1966c53d59afbc2e2:getPixels
Please wait ...
Downloading data from https://earthengine.googleapis.com/v1alpha/projects/earthengine-legacy/thumbnails/aa832b4994d96b5ed78b4f04b37a6519-9027def61e2feb9bab02250479fac80c:getPixels
Please wait ...
Data downloaded to /home/arogya/projects/afg-clustering/data/interim/tiles/210.tif
Generating URL ...
Downloading data from https://earthengine.googleapis.com/v1alpha/projects/earthengine-legacy/thumbnails/9e0d140fcd5834b0b6b4ccad336b6d98-13fa4ffee36f2268c1a3d63920334b99:getPixels
Please wait ...
Data downloaded to /home/arogya/projects/afg-clustering/data/interim/tiles/413.tif
Generating URL ...
Downloading data from https://earthengine.googleapis.com/v1alpha/projects/earthengine-legacy/thumbnails/4fbc4821906a2d3c2d1a6ef779b6d346-6f6cf0e5bb330840d6e560b0cafa75e9:getPixels
Please wait ...
Data downloaded to /home/arogya/projects/afg-clustering/data/interim/tiles/364.tif
Data downloaded to /home/arogya/projects/afg-clustering/data/interim/tiles/465.tif
Data downloaded to /home/arogya/projects/afg-clustering/data/interim/tiles/261.tif
Generating URL ...
Generating URL ...
Generating URL ...
Downloading data from https://earthengine.googleapis.com/v1alpha/projects/earthengine-legacy/thumbnails/3122574d8f3424bd6b77811329242567-1fbddab4b93fb6ecb38ff564756510a9:getPixels
Please wait ...
Downloading data from https://earthengine.googleapis.com/v1alpha/projects/earthengine-legacy/thumbnails/727b88815b6003fb6ad69f46166c3efc-fe93b7ea74e2965bdf13de65967c2ebe:getPixels
Please wait ...
Data downloaded to /home/arogya/projects/afg-clustering/data/interim/tiles/312.tif
Data downloaded to /home/arogya/projects/afg-clustering/data/interim/tiles/109.tif
Downloading data from https://earthengine.googleapis.com/v1alpha/projects/earthengine-legacy/thumbnails/f39b60f968afe154e0a0706df9310120-87bf628f845c04bef7610b5356c5aca0:getPixels
Please wait ...
Generating URL ...
Downloading data from https://earthengine.googleapis.com/v1alpha/projects/earthengine-legacy/thumbnails/3ad5bcf0b786089d96f1c00e30634f64-e87ef50c90893bb02e1dd9e816c06226:getPixels
Please wait ...
Generating URL ...
Generating URL ...
Downloading data from https://earthengine.googleapis.com/v1alpha/projects/earthengine-legacy/thumbnails/f2cd332feadbad0719d41b7a97313019-96f7fe41dfd7facd52eacfe13e3e7c50:getPixels
Please wait ...
Data downloaded to /home/arogya/projects/afg-clustering/data/interim/tiles/159.tif
Data downloaded to /home/arogya/projects/afg-clustering/data/interim/tiles/11.tif
Downloading data from https://earthengine.googleapis.com/v1alpha/projects/earthengine-legacy/thumbnails/1a44a95c57a0474a7307b2136697a7db-4de10611d483c71985a56652fca2a9cd:getPixels
Please wait ...
Generating URL ...
Downloading data from https://earthengine.googleapis.com/v1alpha/projects/earthengine-legacy/thumbnails/b4c33fe205c8874b2a5baa3bb98fb7d0-ea591d91d34f47a01fd2ccd339014564:getPixels
Please wait ...
Generating URL ...
Downloading data from https://earthengine.googleapis.com/v1alpha/projects/earthengine-legacy/thumbnails/31444759c4d1bd41a95bc737692ae35c-8ad80ca4eb265d5b640b9e2347aaf685:getPixels
Please wait ...
Data downloaded to /home/arogya/projects/afg-clustering/data/interim/tiles/57.tif
Data downloaded to /home/arogya/projects/afg-clustering/data/interim/tiles/262.tif
Data downloaded to /home/arogya/projects/afg-clustering/data/interim/tiles/211.tif
Data downloaded to /home/arogya/projects/afg-clustering/data/interim/tiles/414.tif
Generating URL ...
Generating URL ...
Downloading data from https://earthengine.googleapis.com/v1alpha/projects/earthengine-legacy/thumbnails/3bfb03fd01e47bebedb0743427b0d111-e8f4acd0e6e58d1dd58a2b612726751f:getPixels
Please wait ...
Generating URL ...
Generating URL ...
Downloading data from https://earthengine.googleapis.com/v1alpha/projects/earthengine-legacy/thumbnails/10e46869ebd5441fb3b54bbfc791d495-9ea5cd722190b5bf29576be382989a48:getPixels
Please wait ...
Downloading data from https://earthengine.googleapis.com/v1alpha/projects/earthengine-legacy/thumbnails/ff520c75a8a9ab78a14e02e5e75edb90-428c3f03c54b330cc0091bf59a5fbac8:getPixels
Please wait ...
Downloading data from https://earthengine.googleapis.com/v1alpha/projects/earthengine-legacy/thumbnails/4010c4c4f7ea4b2812e384f076cc4b3c-03e4abe719d13de7b09436e37cbd3dd6:getPixels
Please wait ...
Data downloaded to /home/arogya/projects/afg-clustering/data/interim/tiles/365.tif
Data downloaded to /home/arogya/projects/afg-clustering/data/interim/tiles/466.tif
Data downloaded to /home/arogya/projects/afg-clustering/data/interim/tiles/110.tif
Generating URL ...
Downloading data from https://earthengine.googleapis.com/v1alpha/projects/earthengine-legacy/thumbnails/4e0e5e40db1dd33dcccedbc6a02d4846-669eb9acbbbdea0f899e85f996503abe:getPixels
Please wait ...
Generating URL ...
Downloading data from https://earthengine.googleapis.com/v1alpha/projects/earthengine-legacy/thumbnails/ba220b684ec974a4bd8845c4a34487bd-d197a84eb23077697861d46e38f6a434:getPixels
Please wait ...
Data downloaded to /home/arogya/projects/afg-clustering/data/interim/tiles/313.tif
Data downloaded to /home/arogya/projects/afg-clustering/data/interim/tiles/160.tif
Generating URL ...
Generating URL ...
Generating URL ...
Data downloaded to /home/arogya/projects/afg-clustering/data/interim/tiles/12.tif
Downloading data from https://earthengine.googleapis.com/v1alpha/projects/earthengine-legacy/thumbnails/3c3107fe0ed4aa956fe93b606d3f7358-ee86ce785ed2fda39c67207bf74992aa:getPixels
Please wait ...
Data downloaded to /home/arogya/projects/afg-clustering/data/interim/tiles/212.tif
Downloading data from https://earthengine.googleapis.com/v1alpha/projects/earthengine-legacy/thumbnails/5e64b13a5518143ee8c54c90f2da1943-4964a19bd048c0c800a649e39ec46d1e:getPixels
Please wait ...
Downloading data from https://earthengine.googleapis.com/v1alpha/projects/earthengine-legacy/thumbnails/0b1cff706c88fdcae28eab24edfc7d97-28b7fcc5e76af02cd6b56cbe41848ae2:getPixels
Please wait ...
Data downloaded to /home/arogya/projects/afg-clustering/data/interim/tiles/263.tif
Generating URL ...
Data downloaded to /home/arogya/projects/afg-clustering/data/interim/tiles/58.tif
Downloading data from https://earthengine.googleapis.com/v1alpha/projects/earthengine-legacy/thumbnails/82c2b6227578b05ef94c4af2850dc865-852f9087b52ea2f0c76134be75aa8a9a:getPixels
Please wait ...
Generating URL ...
Data downloaded to /home/arogya/projects/afg-clustering/data/interim/tiles/366.tif
Generating URL ...
Generating URL ...
Downloading data from https://earthengine.googleapis.com/v1alpha/projects/earthengine-legacy/thumbnails/10d11ec51e61ae17639877933f2994ab-2471cfee08a03061665c2e1ffb8e7c01:getPixels
Please wait ...
Data downloaded to /home/arogya/projects/afg-clustering/data/interim/tiles/111.tif
Downloading data from https://earthengine.googleapis.com/v1alpha/projects/earthengine-legacy/thumbnails/798135b2f93cc457991064dd0737f118-b6b1ab0e6e14440ccd798f678dee4117:getPixels
Please wait ...
Downloading data from https://earthengine.googleapis.com/v1alpha/projects/earthengine-legacy/thumbnails/8983d882183806962842bb3e2f5ea048-1637c6dd94dcb127b291b0b30e79ac61:getPixels
Please wait ...
Generating URL ...
Downloading data from https://earthengine.googleapis.com/v1alpha/projects/earthengine-legacy/thumbnails/fdf8ddb079c35687e3bb8ea1a3b16c88-dc64ccef1580be6902e8ecbc3ddda702:getPixels
Please wait ...
Generating URL ...
Downloading data from https://earthengine.googleapis.com/v1alpha/projects/earthengine-legacy/thumbnails/33f266508d47c5b2a798fae22da5ad5e-35de51a85737b28cc4297063eb20914b:getPixels
Please wait ...
Data downloaded to /home/arogya/projects/afg-clustering/data/interim/tiles/161.tif
Data downloaded to /home/arogya/projects/afg-clustering/data/interim/tiles/415.tif
Generating URL ...
Downloading data from https://earthengine.googleapis.com/v1alpha/projects/earthengine-legacy/thumbnails/c2dab41adebf153d3b1e584ec8a3397b-205b5a015d02c2233e9815a0c9472f83:getPixels
Please wait ...
Data downloaded to /home/arogya/projects/afg-clustering/data/interim/tiles/467.tif
Data downloaded to /home/arogya/projects/afg-clustering/data/interim/tiles/314.tif
Data downloaded to /home/arogya/projects/afg-clustering/data/interim/tiles/13.tif
Generating URL ...
Generating URL ...
Data downloaded to /home/arogya/projects/afg-clustering/data/interim/tiles/367.tif
Data downloaded to /home/arogya/projects/afg-clustering/data/interim/tiles/264.tif
Downloading data from https://earthengine.googleapis.com/v1alpha/projects/earthengine-legacy/thumbnails/68519ebf0b272e7bb57416cb218aaaee-fc9ec912d4a0b9007d3b38341fc94859:getPixels
Please wait ...
Downloading data from https://earthengine.googleapis.com/v1alpha/projects/earthengine-legacy/thumbnails/e8ac5a793f548d95714c35b996778ff0-5230f6a0e0c994c70643ecd74ba9be4e:getPixels
Please wait ...
Generating URL ...
Generating URL ...
Generating URL ...
Downloading data from https://earthengine.googleapis.com/v1alpha/projects/earthengine-legacy/thumbnails/8962b56afd80afdb66ec853a5bdcb244-d9a6f6833926e061ec4b24821ff500bb:getPixels
Please wait ...
Downloading data from https://earthengine.googleapis.com/v1alpha/projects/earthengine-legacy/thumbnails/6d4e70d4825f3e1e82ba8e243192da57-9ae0cff8bf4c680e79dac9fbc7c73948:getPixels
Please wait ...
Downloading data from https://earthengine.googleapis.com/v1alpha/projects/earthengine-legacy/thumbnails/7a3254373925c6e8a5a7e7fa4fe6c2ca-01ef0b1904e272532a5c27e11d43f39a:getPixels
Please wait ...
Data downloaded to /home/arogya/projects/afg-clustering/data/interim/tiles/112.tif
Data downloaded to /home/arogya/projects/afg-clustering/data/interim/tiles/162.tif
Generating URL ...
Downloading data from https://earthengine.googleapis.com/v1alpha/projects/earthengine-legacy/thumbnails/b36034cfc379b975d4669acda2b75948-29131a9ca76978ac4ca9c3a1bd0ccc24:getPixels
Please wait ...
Generating URL ...
Generating URL ...
Downloading data from https://earthengine.googleapis.com/v1alpha/projects/earthengine-legacy/thumbnails/8da2772eebb6d44bf054fe16b4a2ca40-892a7a637e111bfca28dbb2242ea810b:getPixels
Please wait ...
Downloading data from https://earthengine.googleapis.com/v1alpha/projects/earthengine-legacy/thumbnails/f2c6a634719c0f94142b7900ac4cbbe5-ed3eafdfe91bb849529d38109277a05f:getPixels
Please wait ...
Data downloaded to /home/arogya/projects/afg-clustering/data/interim/tiles/315.tif
Data downloaded to /home/arogya/projects/afg-clustering/data/interim/tiles/468.tif
Data downloaded to /home/arogya/projects/afg-clustering/data/interim/tiles/59.tif
Data downloaded to /home/arogya/projects/afg-clustering/data/interim/tiles/14.tif
Data downloaded to /home/arogya/projects/afg-clustering/data/interim/tiles/213.tif
Generating URL ...
Downloading data from https://earthengine.googleapis.com/v1alpha/projects/earthengine-legacy/thumbnails/462acfa38f2abc323918a247f6b29c1c-238f90b6ec138ffe9773b2222cd11b70:getPixels
Please wait ...
Data downloaded to /home/arogya/projects/afg-clustering/data/interim/tiles/265.tif
Data downloaded to /home/arogya/projects/afg-clustering/data/interim/tiles/416.tif
Generating URL ...
Downloading data from https://earthengine.googleapis.com/v1alpha/projects/earthengine-legacy/thumbnails/ab07bc0b0a0a9d749d833d03a5c09f76-157c9225515a60db9677752a11ab94f6:getPixels
Please wait ...
Generating URL ...
Generating URL ...
Downloading data from https://earthengine.googleapis.com/v1alpha/projects/earthengine-legacy/thumbnails/78819e2b9f3d2e08f1c758238c9ee14c-d8857a9a753f668fccb7c934f30ccd50:getPixels
Please wait ...
Generating URL ...
Generating URL ...
Downloading data from https://earthengine.googleapis.com/v1alpha/projects/earthengine-legacy/thumbnails/3c2bb81f3b2f38c7128d98140fb4e6ae-3282b52414c54a5de7f43e243a8c5b69:getPixels
Please wait ...
Downloading data from https://earthengine.googleapis.com/v1alpha/projects/earthengine-legacy/thumbnails/ed6826e0f934a89b76dfe4558ecd54cf-d18cdd6fc7f698be6600f1529bcd8ea4:getPixels
Please wait ...
Generating URL ...
Downloading data from https://earthengine.googleapis.com/v1alpha/projects/earthengine-legacy/thumbnails/119e6733579fabd809c210668b405172-cf2e784434c924288bcab67e2d367f8b:getPixels
Please wait ...
Downloading data from https://earthengine.googleapis.com/v1alpha/projects/earthengine-legacy/thumbnails/ce7f366c91c0e3b99e6fb14c34fc3e58-fe5f6ffaaf1714f266e087b78c84e5f0:getPixels
Please wait ...
Data downloaded to /home/arogya/projects/afg-clustering/data/interim/tiles/368.tif
Data downloaded to /home/arogya/projects/afg-clustering/data/interim/tiles/163.tif
Generating URL ...
Generating URL ...
Downloading data from https://earthengine.googleapis.com/v1alpha/projects/earthengine-legacy/thumbnails/d2a5a144ab43fc0e6f4e68ac5a4bf62f-549d235c920f10084411b541575f8284:getPixels
Please wait ...
Downloading data from https://earthengine.googleapis.com/v1alpha/projects/earthengine-legacy/thumbnails/30ea38f3b9714b10fb11488d8ece15a1-eeae8b64e243c3ec6d6c9f1559211951:getPixels
Please wait ...
Data downloaded to /home/arogya/projects/afg-clustering/data/interim/tiles/113.tif
Generating URL ...
Downloading data from https://earthengine.googleapis.com/v1alpha/projects/earthengine-legacy/thumbnails/159757e433a5b43b4f62a8f2d29d26b8-822612b23e0b9bc5ac594e9ac67fe01d:getPixels
Please wait ...
Data downloaded to /home/arogya/projects/afg-clustering/data/interim/tiles/316.tif
Data downloaded to /home/arogya/projects/afg-clustering/data/interim/tiles/469.tif
Generating URL ...
Data downloaded to /home/arogya/projects/afg-clustering/data/interim/tiles/214.tif
Data downloaded to /home/arogya/projects/afg-clustering/data/interim/tiles/15.tif
Downloading data from https://earthengine.googleapis.com/v1alpha/projects/earthengine-legacy/thumbnails/6a22c9f39acc96fe428c74cc33b9e22b-50215f88c0436f4a2bf5c2038d90e116:getPixels
Please wait ...
Data downloaded to /home/arogya/projects/afg-clustering/data/interim/tiles/60.tif
Generating URL ...
Generating URL ...
Generating URL ...
Downloading data from https://earthengine.googleapis.com/v1alpha/projects/earthengine-legacy/thumbnails/931a52d1075c7d4dd375107ab17d1e50-3f4f3861b7acbda42229f1127080ba77:getPixels
Please wait ...
Downloading data from https://earthengine.googleapis.com/v1alpha/projects/earthengine-legacy/thumbnails/0f961cdec69e6384a817cd06f5cf6f00-7dc70cc641251191c4933c550cf9aed4:getPixels
Please wait ...
Generating URL ...
Downloading data from https://earthengine.googleapis.com/v1alpha/projects/earthengine-legacy/thumbnails/5295987da1eea4ab7a59f44f0861976c-a17b3f18acd159edab920abef9a1d39c:getPixels
Please wait ...
Downloading data from https://earthengine.googleapis.com/v1alpha/projects/earthengine-legacy/thumbnails/7913df58e3d7371e71a7644691cbd362-b5b2b1ff8be4008b6024aded1643c658:getPixels
Please wait ...
Data downloaded to /home/arogya/projects/afg-clustering/data/interim/tiles/266.tif
Data downloaded to /home/arogya/projects/afg-clustering/data/interim/tiles/417.tif
Generating URL ...
Generating URL ...
Downloading data from https://earthengine.googleapis.com/v1alpha/projects/earthengine-legacy/thumbnails/3a900e9682ad541f00848df957e387b5-77d036dafb5ea577263cd320fc69ce8a:getPixels
Please wait ...
Data downloaded to /home/arogya/projects/afg-clustering/data/interim/tiles/369.tif
Downloading data from https://earthengine.googleapis.com/v1alpha/projects/earthengine-legacy/thumbnails/27b06c785ae465ff90f7fd87e0f2d1ef-a28726ac13a2de05d84ae2f87082eaa1:getPixels
Please wait ...
Generating URL ...
Data downloaded to /home/arogya/projects/afg-clustering/data/interim/tiles/164.tif
Downloading data from https://earthengine.googleapis.com/v1alpha/projects/earthengine-legacy/thumbnails/0cfae5d1be729689f66a58d84fecfc70-3bc00b3058d0e527dd7f4064a9653bc2:getPixels
Please wait ...
Generating URL ...
Data downloaded to /home/arogya/projects/afg-clustering/data/interim/tiles/114.tif
Downloading data from https://earthengine.googleapis.com/v1alpha/projects/earthengine-legacy/thumbnails/e381a93a0ea68f2700f29d0b62910571-11d278e27cecee677d73dad68279bc76:getPixels
Please wait ...
Data downloaded to /home/arogya/projects/afg-clustering/data/interim/tiles/317.tif
Data downloaded to /home/arogya/projects/afg-clustering/data/interim/tiles/470.tif
Generating URL ...
Data downloaded to /home/arogya/projects/afg-clustering/data/interim/tiles/16.tif
Downloading data from https://earthengine.googleapis.com/v1alpha/projects/earthengine-legacy/thumbnails/372cf9c308d2a2f64beb0cbabe4df43d-f33a3629cc3be166d7a3b87aeefe419b:getPixels
Please wait ...
Generating URL ...
Generating URL ...
Generating URL ...
Downloading data from https://earthengine.googleapis.com/v1alpha/projects/earthengine-legacy/thumbnails/5726a5b495d670300cea09e4f77bd777-8900f36f9bb9db6ec345f37b79aa7dc2:getPixels
Please wait ...
Downloading data from https://earthengine.googleapis.com/v1alpha/projects/earthengine-legacy/thumbnails/929dbaa43a6ee9baaeaeddcc28a0f24f-de13daffe59bc1746284c2ca8e7158ca:getPixels
Please wait ...
Downloading data from https://earthengine.googleapis.com/v1alpha/projects/earthengine-legacy/thumbnails/52ba5dd6c0a780de6c11b481125811e4-047bff8950fdbef3c16f48b0c1669fd6:getPixels
Please wait ...
Data downloaded to /home/arogya/projects/afg-clustering/data/interim/tiles/215.tif
Generating URL ...
Downloading data from https://earthengine.googleapis.com/v1alpha/projects/earthengine-legacy/thumbnails/6b0beb94bed041969e9c20ca7cdccd1b-5324875705efb1eabc57cd558d349129:getPixels
Please wait ...
Data downloaded to /home/arogya/projects/afg-clustering/data/interim/tiles/267.tif
Data downloaded to /home/arogya/projects/afg-clustering/data/interim/tiles/61.tif
Generating URL ...
Data downloaded to /home/arogya/projects/afg-clustering/data/interim/tiles/418.tif
Downloading data from https://earthengine.googleapis.com/v1alpha/projects/earthengine-legacy/thumbnails/824a5e3d4dab2ad98025f66a9fa660b4-10448476ed17239472d4d1df707bcf92:getPixels
Please wait ...
Generating URL ...
Downloading data from https://earthengine.googleapis.com/v1alpha/projects/earthengine-legacy/thumbnails/c15fbf8813925c439e0e30dbab2723cd-a58ca51de6db64ebb1fc1a9b7c04ce84:getPixels
Please wait ...
Generating URL ...
Downloading data from https://earthengine.googleapis.com/v1alpha/projects/earthengine-legacy/thumbnails/83e3787a2c615ccf2036a2a6c94e31db-db52a0dd8b55e9f8060e084a6653b4c5:getPixels
Please wait ...
Data downloaded to /home/arogya/projects/afg-clustering/data/interim/tiles/370.tif
Data downloaded to /home/arogya/projects/afg-clustering/data/interim/tiles/165.tif
Generating URL ...
Generating URL ...
Downloading data from https://earthengine.googleapis.com/v1alpha/projects/earthengine-legacy/thumbnails/7c3ecb754a4719944b87cb5713cd3287-ab8e3a08d2480c5b35bf5eb626f6e412:getPixels
Please wait ...
Downloading data from https://earthengine.googleapis.com/v1alpha/projects/earthengine-legacy/thumbnails/828a3686dccb56a26020f3e603697699-c931aa810b85789654d9f09806e224a4:getPixels
Please wait ...
Data downloaded to /home/arogya/projects/afg-clustering/data/interim/tiles/216.tif
Generating URL ...
Downloading data from https://earthengine.googleapis.com/v1alpha/projects/earthengine-legacy/thumbnails/79dca75ab409823271b6d4365737c272-0d23fff6c602e6f57a0fdc09d0f44cb2:getPixels
Please wait ...
Data downloaded to /home/arogya/projects/afg-clustering/data/interim/tiles/115.tif
Data downloaded to /home/arogya/projects/afg-clustering/data/interim/tiles/471.tif
Data downloaded to /home/arogya/projects/afg-clustering/data/interim/tiles/17.tif
Data downloaded to /home/arogya/projects/afg-clustering/data/interim/tiles/318.tif
Generating URL ...
Generating URL ...
Downloading data from https://earthengine.googleapis.com/v1alpha/projects/earthengine-legacy/thumbnails/feedc65b29ceb21661945cb408c266bc-4b6c9bac967d4a5f68b0730b0f74aebb:getPixels
Please wait ...
Generating URL ...
Downloading data from https://earthengine.googleapis.com/v1alpha/projects/earthengine-legacy/thumbnails/a55c3e13aed10b572babdbfbd0d6f9c9-202f4b38fb5915b52e7192a3b9b60f59:getPixels
Please wait ...
Downloading data from https://earthengine.googleapis.com/v1alpha/projects/earthengine-legacy/thumbnails/ff8daf51d904697341dfdb24e4ce6713-3c12fa2e0b3869ff8d6816dbddc3a11b:getPixels
Please wait ...
Generating URL ...
Downloading data from https://earthengine.googleapis.com/v1alpha/projects/earthengine-legacy/thumbnails/294bbc9000f1e525ff4a2616b6f69759-948cc3e25668a4a0e89e94b0c284e11b:getPixels
Please wait ...
Data downloaded to /home/arogya/projects/afg-clustering/data/interim/tiles/268.tif
Data downloaded to /home/arogya/projects/afg-clustering/data/interim/tiles/217.tif
Generating URL ...
Downloading data from https://earthengine.googleapis.com/v1alpha/projects/earthengine-legacy/thumbnails/1737791fe9b8f86d0ef07a3b78fd2de0-6e0937c5af2f4bdfce8b83ffed33f61b:getPixels
Please wait ...
Data downloaded to /home/arogya/projects/afg-clustering/data/interim/tiles/419.tif
Data downloaded to /home/arogya/projects/afg-clustering/data/interim/tiles/62.tif
Generating URL ...
Generating URL ...
Data downloaded to /home/arogya/projects/afg-clustering/data/interim/tiles/166.tif
Downloading data from https://earthengine.googleapis.com/v1alpha/projects/earthengine-legacy/thumbnails/a1ad49f8b67db873b4a721e6d9a50d17-3d506fc879344eedd9ef25b084a15744:getPixels
Please wait ...
Generating URL ...
Downloading data from https://earthengine.googleapis.com/v1alpha/projects/earthengine-legacy/thumbnails/7a7c8a244c42c1ec4630669723f9d923-1a1da4af86da07b0df74d2d9119753ee:getPixels
Please wait ...
Downloading data from https://earthengine.googleapis.com/v1alpha/projects/earthengine-legacy/thumbnails/f1416b8de75af1a460c5ad0b928bbc65-d79de467fbec989e4cd1122141d36a30:getPixels
Please wait ...
Generating URL ...
Downloading data from https://earthengine.googleapis.com/v1alpha/projects/earthengine-legacy/thumbnails/e8c616e1049c1c3436cec16c780327ca-fc63142374950a0a3dc490c25d720698:getPixels
Please wait ...
Data downloaded to /home/arogya/projects/afg-clustering/data/interim/tiles/371.tif
Generating URL ...
Downloading data from https://earthengine.googleapis.com/v1alpha/projects/earthengine-legacy/thumbnails/4157d191f5b5ec099523cf25a750eed0-e72787d3e8b14928e4138e07bedbbaa0:getPixels
Please wait ...
Data downloaded to /home/arogya/projects/afg-clustering/data/interim/tiles/116.tif
Data downloaded to /home/arogya/projects/afg-clustering/data/interim/tiles/472.tif
Data downloaded to /home/arogya/projects/afg-clustering/data/interim/tiles/18.tif
Generating URL ...
Downloading data from https://earthengine.googleapis.com/v1alpha/projects/earthengine-legacy/thumbnails/19ff185845f7f34ec2a2cd22f6cc7b21-9e07f6c61125b091a5e5619a240a6b4c:getPixels
Please wait ...
Generating URL ...
Data downloaded to /home/arogya/projects/afg-clustering/data/interim/tiles/319.tif
Downloading data from https://earthengine.googleapis.com/v1alpha/projects/earthengine-legacy/thumbnails/567aecb5c1422ef62f6e30106a9c3d50-1effa373fed1b61c5e779e2371c4d590:getPixels
Please wait ...
Data downloaded to /home/arogya/projects/afg-clustering/data/interim/tiles/269.tif
Generating URL ...
Downloading data from https://earthengine.googleapis.com/v1alpha/projects/earthengine-legacy/thumbnails/5d1a24a79d34f078d61ba5595a92a575-0748a4962d38f87bb6dfab643fbc81f8:getPixels
Please wait ...
Generating URL ...
Downloading data from https://earthengine.googleapis.com/v1alpha/projects/earthengine-legacy/thumbnails/61f17aa37bca7dcc386ac2b81818f033-986b3a1d5bff0bf8ffd4ddc4f26fb437:getPixels
Please wait ...
Data downloaded to /home/arogya/projects/afg-clustering/data/interim/tiles/218.tif
Generating URL ...
Data downloaded to /home/arogya/projects/afg-clustering/data/interim/tiles/63.tif
Data downloaded to /home/arogya/projects/afg-clustering/data/interim/tiles/420.tif
Downloading data from https://earthengine.googleapis.com/v1alpha/projects/earthengine-legacy/thumbnails/c10620792bccc6df2c4a0c5c2d3aeaa9-433c52346d1f3a04ce4cad4a21c2ab0c:getPixels
Please wait ...
Data downloaded to /home/arogya/projects/afg-clustering/data/interim/tiles/167.tif
Generating URL ...
Downloading data from https://earthengine.googleapis.com/v1alpha/projects/earthengine-legacy/thumbnails/109c9d742c0a4c770685ff0cddb9483d-bd2eaf3a87da970137627a60258b452c:getPixels
Please wait ...
Data downloaded to /home/arogya/projects/afg-clustering/data/interim/tiles/372.tif
Generating URL ...
Generating URL ...
Generating URL ...
Downloading data from https://earthengine.googleapis.com/v1alpha/projects/earthengine-legacy/thumbnails/e53390023f100911c7d15c99a50fdaae-59369854c6a2c536bacb603dda937733:getPixels
Please wait ...
Downloading data from https://earthengine.googleapis.com/v1alpha/projects/earthengine-legacy/thumbnails/be7ec71b9f126e203d2b322e1cbcb6fc-77a9fc6982d3573879b30293a2270e4d:getPixels
Please wait ...
Downloading data from https://earthengine.googleapis.com/v1alpha/projects/earthengine-legacy/thumbnails/fb9dceb1d66f2b9615d7ca0bff809e41-75f59fc888e719fd66c9a2fd62d0e044:getPixels
Please wait ...
Generating URL ...
Data downloaded to /home/arogya/projects/afg-clustering/data/interim/tiles/117.tif
Downloading data from https://earthengine.googleapis.com/v1alpha/projects/earthengine-legacy/thumbnails/8a3218bbc40faa4dec743a367935615b-5cc124214da178ae1ab1061397d6456a:getPixels
Please wait ...
Generating URL ...
Downloading data from https://earthengine.googleapis.com/v1alpha/projects/earthengine-legacy/thumbnails/31bcef0199995943444d2224d5e0dd5b-12648340a040f67211488e20b73b1574:getPixels
Please wait ...
Data downloaded to /home/arogya/projects/afg-clustering/data/interim/tiles/473.tif
Generating URL ...
Downloading data from https://earthengine.googleapis.com/v1alpha/projects/earthengine-legacy/thumbnails/df3adc35d1da9997bd8f52fab595dc83-951b0054279ecf1be4bb5125dd0d3fd4:getPixels
Please wait ...
Data downloaded to /home/arogya/projects/afg-clustering/data/interim/tiles/320.tif
Generating URL ...
Downloading data from https://earthengine.googleapis.com/v1alpha/projects/earthengine-legacy/thumbnails/1d1c5b4e40d1d9077a95b6607e8dc81a-a12c197b5348993bf954e7a3e39371ef:getPixels
Please wait ...
Data downloaded to /home/arogya/projects/afg-clustering/data/interim/tiles/219.tif
Data downloaded to /home/arogya/projects/afg-clustering/data/interim/tiles/270.tif
Generating URL ...
Data downloaded to /home/arogya/projects/afg-clustering/data/interim/tiles/19.tif
Generating URL ...
Data downloaded to /home/arogya/projects/afg-clustering/data/interim/tiles/64.tif
Downloading data from https://earthengine.googleapis.com/v1alpha/projects/earthengine-legacy/thumbnails/05c2e0f26e70beb52457a5475181e123-4669b440ffd90d8e9f8820a26690e35f:getPixels
Please wait ...
Downloading data from https://earthengine.googleapis.com/v1alpha/projects/earthengine-legacy/thumbnails/e175c9565b3e79a0232f559d1aaf3449-6857898fc7108d0e5e44b7376a76dffd:getPixels
Please wait ...
Data downloaded to /home/arogya/projects/afg-clustering/data/interim/tiles/421.tif
Generating URL ...
Generating URL ...
Data downloaded to /home/arogya/projects/afg-clustering/data/interim/tiles/373.tif
Downloading data from https://earthengine.googleapis.com/v1alpha/projects/earthengine-legacy/thumbnails/ad25c8ff54b7833f52a310965b1e075e-5af6c318ffbaf2e950f1540ca74a62c7:getPixels
Please wait ...
Generating URL ...
Data downloaded to /home/arogya/projects/afg-clustering/data/interim/tiles/474.tif
Data downloaded to /home/arogya/projects/afg-clustering/data/interim/tiles/118.tif
Generating URL ...
Generating URL ...
Downloading data from https://earthengine.googleapis.com/v1alpha/projects/earthengine-legacy/thumbnails/4d544267722ace7b5e645e0a32b5cc81-2a56751f8b82117f6f9f9ec9444cbcb9:getPixels
Please wait ...
Downloading data from https://earthengine.googleapis.com/v1alpha/projects/earthengine-legacy/thumbnails/b53df8b68e55014eaa4d396561c7f99e-ed3043c409dba678a511ff7ec5260cc2:getPixels
Please wait ...
Downloading data from https://earthengine.googleapis.com/v1alpha/projects/earthengine-legacy/thumbnails/ee7fa1d018576d6d3e070bb2f477deb9-c3eda85bd2b2e7c1875c388801e22b5a:getPixels
Please wait ...
Data downloaded to /home/arogya/projects/afg-clustering/data/interim/tiles/271.tif
Downloading data from https://earthengine.googleapis.com/v1alpha/projects/earthengine-legacy/thumbnails/1ca8c663c890a1ed414b44026dc90847-ef192aa3eefa5683562c5231d3dded39:getPixels
Please wait ...
Data downloaded to /home/arogya/projects/afg-clustering/data/interim/tiles/168.tif
Generating URL ...
Generating URL ...
Downloading data from https://earthengine.googleapis.com/v1alpha/projects/earthengine-legacy/thumbnails/4f6c1f5ccddf9406db3c303f94e5358a-6287b8d6cc3d4f9c47c906e3d37accbd:getPixels
Please wait ...
Downloading data from https://earthengine.googleapis.com/v1alpha/projects/earthengine-legacy/thumbnails/4dc99f597b88b1b660cfd4bd7d2ce526-47f31b2d685c991de1b662d4f07b3710:getPixels
Please wait ...
Generating URL ...
Downloading data from https://earthengine.googleapis.com/v1alpha/projects/earthengine-legacy/thumbnails/9a48f0be819fb07af75d7d3e22b32167-8e7b895fbe0fff70ee0a5598d59e15e3:getPixels
Please wait ...
Data downloaded to /home/arogya/projects/afg-clustering/data/interim/tiles/321.tif
Data downloaded to /home/arogya/projects/afg-clustering/data/interim/tiles/272.tif
Generating URL ...
Data downloaded to /home/arogya/projects/afg-clustering/data/interim/tiles/220.tif
Data downloaded to /home/arogya/projects/afg-clustering/data/interim/tiles/422.tif
Generating URL ...
Downloading data from https://earthengine.googleapis.com/v1alpha/projects/earthengine-legacy/thumbnails/780f9a49f658dc7467b70fc619901f20-320eb84d111971ecfe8737e5b04ef1f2:getPixels
Please wait ...
Generating URL ...
Generating URL ...
Downloading data from https://earthengine.googleapis.com/v1alpha/projects/earthengine-legacy/thumbnails/219d0cc109c95113395d2a1591590add-9773879a17b82fa06a2967c0c80ae56f:getPixels
Please wait ...
Downloading data from https://earthengine.googleapis.com/v1alpha/projects/earthengine-legacy/thumbnails/c1e54a142725ecd0a54558b84b4fa223-a851fb729ed466d00ac458d12e485af3:getPixels
Please wait ...
Downloading data from https://earthengine.googleapis.com/v1alpha/projects/earthengine-legacy/thumbnails/5d511d962df3b0b337c357d40a324217-e6e5f209bb69136e291b08d583e76602:getPixels
Please wait ...
Data downloaded to /home/arogya/projects/afg-clustering/data/interim/tiles/65.tif
Data downloaded to /home/arogya/projects/afg-clustering/data/interim/tiles/475.tif
Data downloaded to /home/arogya/projects/afg-clustering/data/interim/tiles/423.tif
Data downloaded to /home/arogya/projects/afg-clustering/data/interim/tiles/374.tif
Data downloaded to /home/arogya/projects/afg-clustering/data/interim/tiles/119.tif
Data downloaded to /home/arogya/projects/afg-clustering/data/interim/tiles/20.tif
Generating URL ...
Generating URL ...
Generating URL ...
Downloading data from https://earthengine.googleapis.com/v1alpha/projects/earthengine-legacy/thumbnails/16d1fb1d736ac81fd2dd2d40a38859bc-ad565c89f33ba597bcf1ce00f6628515:getPixels
Please wait ...
Downloading data from https://earthengine.googleapis.com/v1alpha/projects/earthengine-legacy/thumbnails/c26d30db88037d9f25d48e58c20fc757-128558bd119f33bfea29d35054511df7:getPixels
Please wait ...
Generating URL ...
Generating URL ...
Downloading data from https://earthengine.googleapis.com/v1alpha/projects/earthengine-legacy/thumbnails/9373c40198adb925982485104e2ed19a-8b4e3cd0e121ad59b3d509589a90fc0b:getPixels
Please wait ...
Downloading data from https://earthengine.googleapis.com/v1alpha/projects/earthengine-legacy/thumbnails/4f1798f67f837d38efa2c9ecdb8dbdbe-fd364c8029643cffcf68bc0cc91cbfe5:getPixels
Please wait ...
Downloading data from https://earthengine.googleapis.com/v1alpha/projects/earthengine-legacy/thumbnails/5fb83b75662994731ed5d1016d2b24c6-ab2ad0e4f34f1c4bfa39fe2bd62b7b00:getPixels
Please wait ...
Generating URL ...
Downloading data from https://earthengine.googleapis.com/v1alpha/projects/earthengine-legacy/thumbnails/ab7dc2ed892de14cb13aa58a1080cff2-631f238129ae0525d0895f431375f60b:getPixels
Please wait ...
[Errno 2] No such file or directory: '/home/arogya/projects/afg-clustering/data/interim/tiles/21.zip'
[Errno 2] No such file or directory: '/home/arogya/projects/afg-clustering/data/interim/tiles/169.zip'
Generating URL ...
An error occurred while downloading.
Downloading data from https://earthengine.googleapis.com/v1alpha/projects/earthengine-legacy/thumbnails/7d157161c927a7e61fb7c1d4e0522150-87e90e222f294d4bf8e0c029ce144243:getPixels
Please wait ...
Generating URL ...
Downloading data from https://earthengine.googleapis.com/v1alpha/projects/earthengine-legacy/thumbnails/366effc95cc9e35920e29a6d6bd5d685-5fe552d2b1e4db2a2d1d1c2a905127b9:getPixels
Please wait ...
An error occurred while downloading.
An error occurred while downloading.
An error occurred while downloading.
Process ForkPoolWorker-2:
Traceback (most recent call last):
  File "/home/arogya/.conda/envs/poppy-linux/lib/python3.9/multiprocessing/pool.py", line 131, in worker
    put((job, i, result))
  File "/home/arogya/.conda/envs/poppy-linux/lib/python3.9/multiprocessing/queues.py", line 378, in put
    self._writer.send_bytes(obj)
  File "/home/arogya/.conda/envs/poppy-linux/lib/python3.9/multiprocessing/connection.py", line 205, in send_bytes
    self._send_bytes(m[offset:offset + size])
  File "/home/arogya/.conda/envs/poppy-linux/lib/python3.9/multiprocessing/connection.py", line 409, in _send_bytes
    self._send(header)
  File "/home/arogya/.conda/envs/poppy-linux/lib/python3.9/multiprocessing/connection.py", line 373, in _send
    n = write(self._handle, buf)
BrokenPipeError: [Errno 32] Broken pipe

During handling of the above exception, another exception occurred:

Traceback (most recent call last):
  File "/home/arogya/.conda/envs/poppy-linux/lib/python3.9/multiprocessing/process.py", line 315, in _bootstrap
    self.run()
  File "/home/arogya/.conda/envs/poppy-linux/lib/python3.9/multiprocessing/process.py", line 108, in run
    self._target(*self._args, **self._kwargs)
  File "/home/arogya/.conda/envs/poppy-linux/lib/python3.9/multiprocessing/pool.py", line 136, in worker
    put((job, i, (False, wrapped)))
  File "/home/arogya/.conda/envs/poppy-linux/lib/python3.9/multiprocessing/queues.py", line 378, in put
    self._writer.send_bytes(obj)
  File "/home/arogya/.conda/envs/poppy-linux/lib/python3.9/multiprocessing/connection.py", line 205, in send_bytes
    self._send_bytes(m[offset:offset + size])
  File "/home/arogya/.conda/envs/poppy-linux/lib/python3.9/multiprocessing/connection.py", line 416, in _send_bytes
    self._send(header + buf)
  File "/home/arogya/.conda/envs/poppy-linux/lib/python3.9/multiprocessing/connection.py", line 373, in _send
    n = write(self._handle, buf)
BrokenPipeError: [Errno 32] Broken pipe
Process ForkPoolWorker-10:
Traceback (most recent call last):
  File "/home/arogya/.conda/envs/poppy-linux/lib/python3.9/multiprocessing/pool.py", line 131, in worker
    put((job, i, result))
  File "/home/arogya/.conda/envs/poppy-linux/lib/python3.9/multiprocessing/queues.py", line 378, in put
    self._writer.send_bytes(obj)
  File "/home/arogya/.conda/envs/poppy-linux/lib/python3.9/multiprocessing/connection.py", line 205, in send_bytes
    self._send_bytes(m[offset:offset + size])
  File "/home/arogya/.conda/envs/poppy-linux/lib/python3.9/multiprocessing/connection.py", line 409, in _send_bytes
    self._send(header)
  File "/home/arogya/.conda/envs/poppy-linux/lib/python3.9/multiprocessing/connection.py", line 373, in _send
    n = write(self._handle, buf)
BrokenPipeError: [Errno 32] Broken pipe

During handling of the above exception, another exception occurred:

Traceback (most recent call last):
  File "/home/arogya/.conda/envs/poppy-linux/lib/python3.9/multiprocessing/process.py", line 315, in _bootstrap
    self.run()
  File "/home/arogya/.conda/envs/poppy-linux/lib/python3.9/multiprocessing/process.py", line 108, in run
    self._target(*self._args, **self._kwargs)
  File "/home/arogya/.conda/envs/poppy-linux/lib/python3.9/multiprocessing/pool.py", line 136, in worker
    put((job, i, (False, wrapped)))
  File "/home/arogya/.conda/envs/poppy-linux/lib/python3.9/multiprocessing/queues.py", line 378, in put
    self._writer.send_bytes(obj)
  File "/home/arogya/.conda/envs/poppy-linux/lib/python3.9/multiprocessing/connection.py", line 205, in send_bytes
    self._send_bytes(m[offset:offset + size])
  File "/home/arogya/.conda/envs/poppy-linux/lib/python3.9/multiprocessing/connection.py", line 416, in _send_bytes
    self._send(header + buf)
  File "/home/arogya/.conda/envs/poppy-linux/lib/python3.9/multiprocessing/connection.py", line 373, in _send
    n = write(self._handle, buf)
BrokenPipeError: [Errno 32] Broken pipe
An error occurred while downloading.
An error occurred while downloading.
An error occurred while downloading.
An error occurred while downloading.
An error occurred while downloading.
An error occurred while downloading.
Process ForkPoolWorker-6:
Traceback (most recent call last):
  File "/home/arogya/.conda/envs/poppy-linux/lib/python3.9/multiprocessing/pool.py", line 131, in worker
    put((job, i, result))
  File "/home/arogya/.conda/envs/poppy-linux/lib/python3.9/multiprocessing/queues.py", line 378, in put
    self._writer.send_bytes(obj)
  File "/home/arogya/.conda/envs/poppy-linux/lib/python3.9/multiprocessing/connection.py", line 205, in send_bytes
    self._send_bytes(m[offset:offset + size])
  File "/home/arogya/.conda/envs/poppy-linux/lib/python3.9/multiprocessing/connection.py", line 409, in _send_bytes
    self._send(header)
  File "/home/arogya/.conda/envs/poppy-linux/lib/python3.9/multiprocessing/connection.py", line 373, in _send
    n = write(self._handle, buf)
BrokenPipeError: [Errno 32] Broken pipe

During handling of the above exception, another exception occurred:

Traceback (most recent call last):
  File "/home/arogya/.conda/envs/poppy-linux/lib/python3.9/multiprocessing/process.py", line 315, in _bootstrap
    self.run()
  File "/home/arogya/.conda/envs/poppy-linux/lib/python3.9/multiprocessing/process.py", line 108, in run
    self._target(*self._args, **self._kwargs)
  File "/home/arogya/.conda/envs/poppy-linux/lib/python3.9/multiprocessing/pool.py", line 136, in worker
    put((job, i, (False, wrapped)))
  File "/home/arogya/.conda/envs/poppy-linux/lib/python3.9/multiprocessing/queues.py", line 378, in put
    self._writer.send_bytes(obj)
  File "/home/arogya/.conda/envs/poppy-linux/lib/python3.9/multiprocessing/connection.py", line 205, in send_bytes
    self._send_bytes(m[offset:offset + size])
  File "/home/arogya/.conda/envs/poppy-linux/lib/python3.9/multiprocessing/connection.py", line 416, in _send_bytes
    self._send(header + buf)
  File "/home/arogya/.conda/envs/poppy-linux/lib/python3.9/multiprocessing/connection.py", line 373, in _send
    n = write(self._handle, buf)
BrokenPipeError: [Errno 32] Broken pipe
Process ForkPoolWorker-7:
Traceback (most recent call last):
  File "/home/arogya/.conda/envs/poppy-linux/lib/python3.9/multiprocessing/pool.py", line 131, in worker
    put((job, i, result))
  File "/home/arogya/.conda/envs/poppy-linux/lib/python3.9/multiprocessing/queues.py", line 378, in put
    self._writer.send_bytes(obj)
  File "/home/arogya/.conda/envs/poppy-linux/lib/python3.9/multiprocessing/connection.py", line 205, in send_bytes
    self._send_bytes(m[offset:offset + size])
  File "/home/arogya/.conda/envs/poppy-linux/lib/python3.9/multiprocessing/connection.py", line 409, in _send_bytes
    self._send(header)
  File "/home/arogya/.conda/envs/poppy-linux/lib/python3.9/multiprocessing/connection.py", line 373, in _send
    n = write(self._handle, buf)
BrokenPipeError: [Errno 32] Broken pipe

During handling of the above exception, another exception occurred:

Traceback (most recent call last):
  File "/home/arogya/.conda/envs/poppy-linux/lib/python3.9/multiprocessing/process.py", line 315, in _bootstrap
    self.run()
  File "/home/arogya/.conda/envs/poppy-linux/lib/python3.9/multiprocessing/process.py", line 108, in run
    self._target(*self._args, **self._kwargs)
  File "/home/arogya/.conda/envs/poppy-linux/lib/python3.9/multiprocessing/pool.py", line 136, in worker
    put((job, i, (False, wrapped)))
  File "/home/arogya/.conda/envs/poppy-linux/lib/python3.9/multiprocessing/queues.py", line 378, in put
    self._writer.send_bytes(obj)
  File "/home/arogya/.conda/envs/poppy-linux/lib/python3.9/multiprocessing/connection.py", line 205, in send_bytes
    self._send_bytes(m[offset:offset + size])
  File "/home/arogya/.conda/envs/poppy-linux/lib/python3.9/multiprocessing/connection.py", line 416, in _send_bytes
    self._send(header + buf)
  File "/home/arogya/.conda/envs/poppy-linux/lib/python3.9/multiprocessing/connection.py", line 373, in _send
    n = write(self._handle, buf)
BrokenPipeError: [Errno 32] Broken pipe
Process ForkPoolWorker-8:
Traceback (most recent call last):
  File "/home/arogya/.conda/envs/poppy-linux/lib/python3.9/multiprocessing/pool.py", line 131, in worker
    put((job, i, result))
  File "/home/arogya/.conda/envs/poppy-linux/lib/python3.9/multiprocessing/queues.py", line 378, in put
    self._writer.send_bytes(obj)
  File "/home/arogya/.conda/envs/poppy-linux/lib/python3.9/multiprocessing/connection.py", line 205, in send_bytes
    self._send_bytes(m[offset:offset + size])
  File "/home/arogya/.conda/envs/poppy-linux/lib/python3.9/multiprocessing/connection.py", line 409, in _send_bytes
    self._send(header)
  File "/home/arogya/.conda/envs/poppy-linux/lib/python3.9/multiprocessing/connection.py", line 373, in _send
    n = write(self._handle, buf)
BrokenPipeError: [Errno 32] Broken pipe

During handling of the above exception, another exception occurred:

Traceback (most recent call last):
  File "/home/arogya/.conda/envs/poppy-linux/lib/python3.9/multiprocessing/process.py", line 315, in _bootstrap
    self.run()
  File "/home/arogya/.conda/envs/poppy-linux/lib/python3.9/multiprocessing/process.py", line 108, in run
    self._target(*self._args, **self._kwargs)
  File "/home/arogya/.conda/envs/poppy-linux/lib/python3.9/multiprocessing/pool.py", line 136, in worker
    put((job, i, (False, wrapped)))
  File "/home/arogya/.conda/envs/poppy-linux/lib/python3.9/multiprocessing/queues.py", line 378, in put
    self._writer.send_bytes(obj)
  File "/home/arogya/.conda/envs/poppy-linux/lib/python3.9/multiprocessing/connection.py", line 205, in send_bytes
    self._send_bytes(m[offset:offset + size])
  File "/home/arogya/.conda/envs/poppy-linux/lib/python3.9/multiprocessing/connection.py", line 416, in _send_bytes
    self._send(header + buf)
  File "/home/arogya/.conda/envs/poppy-linux/lib/python3.9/multiprocessing/connection.py", line 373, in _send
    n = write(self._handle, buf)
BrokenPipeError: [Errno 32] Broken pipe
Process ForkPoolWorker-4:
Traceback (most recent call last):
  File "/home/arogya/.conda/envs/poppy-linux/lib/python3.9/multiprocessing/pool.py", line 131, in worker
    put((job, i, result))
  File "/home/arogya/.conda/envs/poppy-linux/lib/python3.9/multiprocessing/queues.py", line 378, in put
    self._writer.send_bytes(obj)
  File "/home/arogya/.conda/envs/poppy-linux/lib/python3.9/multiprocessing/connection.py", line 205, in send_bytes
    self._send_bytes(m[offset:offset + size])
  File "/home/arogya/.conda/envs/poppy-linux/lib/python3.9/multiprocessing/connection.py", line 409, in _send_bytes
    self._send(header)
  File "/home/arogya/.conda/envs/poppy-linux/lib/python3.9/multiprocessing/connection.py", line 373, in _send
    n = write(self._handle, buf)
BrokenPipeError: [Errno 32] Broken pipe

During handling of the above exception, another exception occurred:

Traceback (most recent call last):
  File "/home/arogya/.conda/envs/poppy-linux/lib/python3.9/multiprocessing/process.py", line 315, in _bootstrap
    self.run()
  File "/home/arogya/.conda/envs/poppy-linux/lib/python3.9/multiprocessing/process.py", line 108, in run
    self._target(*self._args, **self._kwargs)
  File "/home/arogya/.conda/envs/poppy-linux/lib/python3.9/multiprocessing/pool.py", line 136, in worker
    put((job, i, (False, wrapped)))
  File "/home/arogya/.conda/envs/poppy-linux/lib/python3.9/multiprocessing/queues.py", line 378, in put
    self._writer.send_bytes(obj)
  File "/home/arogya/.conda/envs/poppy-linux/lib/python3.9/multiprocessing/connection.py", line 205, in send_bytes
    self._send_bytes(m[offset:offset + size])
  File "/home/arogya/.conda/envs/poppy-linux/lib/python3.9/multiprocessing/connection.py", line 416, in _send_bytes
    self._send(header + buf)
  File "/home/arogya/.conda/envs/poppy-linux/lib/python3.9/multiprocessing/connection.py", line 373, in _send
    n = write(self._handle, buf)
BrokenPipeError: [Errno 32] Broken pipe
Process ForkPoolWorker-11:
Traceback (most recent call last):
  File "/home/arogya/.conda/envs/poppy-linux/lib/python3.9/multiprocessing/pool.py", line 131, in worker
    put((job, i, result))
  File "/home/arogya/.conda/envs/poppy-linux/lib/python3.9/multiprocessing/queues.py", line 378, in put
    self._writer.send_bytes(obj)
  File "/home/arogya/.conda/envs/poppy-linux/lib/python3.9/multiprocessing/connection.py", line 205, in send_bytes
    self._send_bytes(m[offset:offset + size])
  File "/home/arogya/.conda/envs/poppy-linux/lib/python3.9/multiprocessing/connection.py", line 409, in _send_bytes
    self._send(header)
  File "/home/arogya/.conda/envs/poppy-linux/lib/python3.9/multiprocessing/connection.py", line 373, in _send
    n = write(self._handle, buf)
BrokenPipeError: [Errno 32] Broken pipe

During handling of the above exception, another exception occurred:

Traceback (most recent call last):
  File "/home/arogya/.conda/envs/poppy-linux/lib/python3.9/multiprocessing/process.py", line 315, in _bootstrap
    self.run()
  File "/home/arogya/.conda/envs/poppy-linux/lib/python3.9/multiprocessing/process.py", line 108, in run
    self._target(*self._args, **self._kwargs)
  File "/home/arogya/.conda/envs/poppy-linux/lib/python3.9/multiprocessing/pool.py", line 136, in worker
    put((job, i, (False, wrapped)))
  File "/home/arogya/.conda/envs/poppy-linux/lib/python3.9/multiprocessing/queues.py", line 378, in put
    self._writer.send_bytes(obj)
  File "/home/arogya/.conda/envs/poppy-linux/lib/python3.9/multiprocessing/connection.py", line 205, in send_bytes
    self._send_bytes(m[offset:offset + size])
  File "/home/arogya/.conda/envs/poppy-linux/lib/python3.9/multiprocessing/connection.py", line 416, in _send_bytes
    self._send(header + buf)
  File "/home/arogya/.conda/envs/poppy-linux/lib/python3.9/multiprocessing/connection.py", line 373, in _send
    n = write(self._handle, buf)
BrokenPipeError: [Errno 32] Broken pipe
Process ForkPoolWorker-3:
Traceback (most recent call last):
  File "/home/arogya/.conda/envs/poppy-linux/lib/python3.9/multiprocessing/pool.py", line 131, in worker
    put((job, i, result))
  File "/home/arogya/.conda/envs/poppy-linux/lib/python3.9/multiprocessing/queues.py", line 378, in put
    self._writer.send_bytes(obj)
  File "/home/arogya/.conda/envs/poppy-linux/lib/python3.9/multiprocessing/connection.py", line 205, in send_bytes
    self._send_bytes(m[offset:offset + size])
  File "/home/arogya/.conda/envs/poppy-linux/lib/python3.9/multiprocessing/connection.py", line 409, in _send_bytes
    self._send(header)
  File "/home/arogya/.conda/envs/poppy-linux/lib/python3.9/multiprocessing/connection.py", line 373, in _send
    n = write(self._handle, buf)
BrokenPipeError: [Errno 32] Broken pipe

During handling of the above exception, another exception occurred:

Traceback (most recent call last):
  File "/home/arogya/.conda/envs/poppy-linux/lib/python3.9/multiprocessing/process.py", line 315, in _bootstrap
    self.run()
  File "/home/arogya/.conda/envs/poppy-linux/lib/python3.9/multiprocessing/process.py", line 108, in run
    self._target(*self._args, **self._kwargs)
  File "/home/arogya/.conda/envs/poppy-linux/lib/python3.9/multiprocessing/pool.py", line 136, in worker
    put((job, i, (False, wrapped)))
  File "/home/arogya/.conda/envs/poppy-linux/lib/python3.9/multiprocessing/queues.py", line 378, in put
    self._writer.send_bytes(obj)
  File "/home/arogya/.conda/envs/poppy-linux/lib/python3.9/multiprocessing/connection.py", line 205, in send_bytes
    self._send_bytes(m[offset:offset + size])
  File "/home/arogya/.conda/envs/poppy-linux/lib/python3.9/multiprocessing/connection.py", line 416, in _send_bytes
    self._send(header + buf)
  File "/home/arogya/.conda/envs/poppy-linux/lib/python3.9/multiprocessing/connection.py", line 373, in _send
    n = write(self._handle, buf)
BrokenPipeError: [Errno 32] Broken pipe
Process ForkPoolWorker-9:
Traceback (most recent call last):
  File "/home/arogya/.conda/envs/poppy-linux/lib/python3.9/multiprocessing/pool.py", line 131, in worker
    put((job, i, result))
  File "/home/arogya/.conda/envs/poppy-linux/lib/python3.9/multiprocessing/queues.py", line 378, in put
    self._writer.send_bytes(obj)
  File "/home/arogya/.conda/envs/poppy-linux/lib/python3.9/multiprocessing/connection.py", line 205, in send_bytes
    self._send_bytes(m[offset:offset + size])
  File "/home/arogya/.conda/envs/poppy-linux/lib/python3.9/multiprocessing/connection.py", line 409, in _send_bytes
    self._send(header)
  File "/home/arogya/.conda/envs/poppy-linux/lib/python3.9/multiprocessing/connection.py", line 373, in _send
    n = write(self._handle, buf)
BrokenPipeError: [Errno 32] Broken pipe

During handling of the above exception, another exception occurred:

Traceback (most recent call last):
  File "/home/arogya/.conda/envs/poppy-linux/lib/python3.9/multiprocessing/process.py", line 315, in _bootstrap
    self.run()
  File "/home/arogya/.conda/envs/poppy-linux/lib/python3.9/multiprocessing/process.py", line 108, in run
    self._target(*self._args, **self._kwargs)
  File "/home/arogya/.conda/envs/poppy-linux/lib/python3.9/multiprocessing/pool.py", line 136, in worker
    put((job, i, (False, wrapped)))
  File "/home/arogya/.conda/envs/poppy-linux/lib/python3.9/multiprocessing/queues.py", line 378, in put
    self._writer.send_bytes(obj)
  File "/home/arogya/.conda/envs/poppy-linux/lib/python3.9/multiprocessing/connection.py", line 205, in send_bytes
    self._send_bytes(m[offset:offset + size])
  File "/home/arogya/.conda/envs/poppy-linux/lib/python3.9/multiprocessing/connection.py", line 416, in _send_bytes
    self._send(header + buf)
  File "/home/arogya/.conda/envs/poppy-linux/lib/python3.9/multiprocessing/connection.py", line 373, in _send
    n = write(self._handle, buf)
BrokenPipeError: [Errno 32] Broken pipe
Process ForkPoolWorker-5:
Traceback (most recent call last):
  File "/home/arogya/.conda/envs/poppy-linux/lib/python3.9/multiprocessing/pool.py", line 131, in worker
    put((job, i, result))
  File "/home/arogya/.conda/envs/poppy-linux/lib/python3.9/multiprocessing/queues.py", line 378, in put
    self._writer.send_bytes(obj)
  File "/home/arogya/.conda/envs/poppy-linux/lib/python3.9/multiprocessing/connection.py", line 205, in send_bytes
    self._send_bytes(m[offset:offset + size])
  File "/home/arogya/.conda/envs/poppy-linux/lib/python3.9/multiprocessing/connection.py", line 409, in _send_bytes
    self._send(header)
  File "/home/arogya/.conda/envs/poppy-linux/lib/python3.9/multiprocessing/connection.py", line 373, in _send
    n = write(self._handle, buf)
BrokenPipeError: [Errno 32] Broken pipe

During handling of the above exception, another exception occurred:

Traceback (most recent call last):
  File "/home/arogya/.conda/envs/poppy-linux/lib/python3.9/multiprocessing/process.py", line 315, in _bootstrap
    self.run()
  File "/home/arogya/.conda/envs/poppy-linux/lib/python3.9/multiprocessing/process.py", line 108, in run
    self._target(*self._args, **self._kwargs)
  File "/home/arogya/.conda/envs/poppy-linux/lib/python3.9/multiprocessing/pool.py", line 136, in worker
    put((job, i, (False, wrapped)))
  File "/home/arogya/.conda/envs/poppy-linux/lib/python3.9/multiprocessing/queues.py", line 378, in put
    self._writer.send_bytes(obj)
  File "/home/arogya/.conda/envs/poppy-linux/lib/python3.9/multiprocessing/connection.py", line 205, in send_bytes
    self._send_bytes(m[offset:offset + size])
  File "/home/arogya/.conda/envs/poppy-linux/lib/python3.9/multiprocessing/connection.py", line 416, in _send_bytes
    self._send(header + buf)
  File "/home/arogya/.conda/envs/poppy-linux/lib/python3.9/multiprocessing/connection.py", line 373, in _send
    n = write(self._handle, buf)
BrokenPipeError: [Errno 32] Broken pipe
